Using pre-set license
Built from '2020.3/release' branch; Version is '2020.3.27f1 (e759542391ea) revision 15161684'; Using compiler version '192528614'; Build Type 'Release'
OS: 'Windows 11  (10.0.22000) 64bit Professional' Language: 'en' Physical Memory: 32535 MB
BatchMode: 1, IsHumanControllingUs: 0, StartBugReporterOnCrash: 0, Is64bit: 1, IsPro: 0

COMMAND LINE ARGUMENTS:
D:\Soft\Unity\Editor\2020.3.27f1\Editor\Unity.exe
-adb2
-batchMode
-noUpm
-name
AssetImportWorker0
-projectPath
D:/NYU/Unity_Projects/AdvancedProgramming_Yuri/Week11
-logFile
Logs/AssetImportWorker0.log
-srvPort
55364
Successfully changed project path to: D:/NYU/Unity_Projects/AdvancedProgramming_Yuri/Week11
D:/NYU/Unity_Projects/AdvancedProgramming_Yuri/Week11
Using Asset Import Pipeline V2.
Refreshing native plugins compatible for Editor in 27.61 ms, found 2 plugins.
Preloading 0 native plugins for Editor in 0.00 ms.
Initialize engine version: 2020.3.27f1 (e759542391ea)
[Subsystems] Discovering subsystems at path D:/Soft/Unity/Editor/2020.3.27f1/Editor/Data/Resources/UnitySubsystems
[Subsystems] Discovering subsystems at path D:/NYU/Unity_Projects/AdvancedProgramming_Yuri/Week11/Assets
GfxDevice: creating device client; threaded=0
Direct3D:
    Version:  Direct3D 11.0 [level 11.1]
    Renderer: NVIDIA GeForce RTX 3060 Laptop GPU (ID=0x2560)
    Vendor:   
    VRAM:     6023 MB
    Driver:   30.0.15.1215
Initialize mono
Mono path[0] = 'D:/Soft/Unity/Editor/2020.3.27f1/Editor/Data/Managed'
Mono path[1] = 'D:/Soft/Unity/Editor/2020.3.27f1/Editor/Data/MonoBleedingEdge/lib/mono/unityjit'
Mono config path = 'D:/Soft/Unity/Editor/2020.3.27f1/Editor/Data/MonoBleedingEdge/etc'
Using monoOptions --debugger-agent=transport=dt_socket,embedding=1,server=y,suspend=n,address=127.0.0.1:56108
Begin MonoManager ReloadAssembly
Registering precompiled unity dll's ...
Register platform support module: D:/Soft/Unity/Editor/2020.3.27f1/Editor/Data/PlaybackEngines/WebGLSupport/UnityEditor.WebGL.Extensions.dll
Register platform support module: D:/Soft/Unity/Editor/2020.3.27f1/Editor/Data/PlaybackEngines/MacStandaloneSupport/UnityEditor.OSXStandalone.Extensions.dll
Register platform support module: D:/Soft/Unity/Editor/2020.3.27f1/Editor/Data/PlaybackEngines/WindowsStandaloneSupport/UnityEditor.WindowsStandalone.Extensions.dll
Registered in 0.000816 seconds.
Native extension for WindowsStandalone target not found
Native extension for OSXStandalone target not found
Native extension for WebGL target not found
Refreshing native plugins compatible for Editor in 29.41 ms, found 2 plugins.
Preloading 0 native plugins for Editor in 0.00 ms.
Mono: successfully reloaded assembly
- Completed reload, in  0.420 seconds
Domain Reload Profiling:
	ReloadAssembly (420ms)
		BeginReloadAssembly (41ms)
			ExecutionOrderSort (0ms)
			DisableScriptedObjects (0ms)
			BackupInstance (0ms)
			ReleaseScriptingObjects (0ms)
			CreateAndSetChildDomain (1ms)
		EndReloadAssembly (332ms)
			LoadAssemblies (40ms)
			RebuildTransferFunctionScriptingTraits (0ms)
			SetupTypeCache (105ms)
			ReleaseScriptCaches (0ms)
			RebuildScriptCaches (22ms)
			SetupLoadedEditorAssemblies (130ms)
				LogAssemblyErrors (0ms)
				InitializePlatformSupportModulesInManaged (4ms)
				SetLoadedEditorAssemblies (0ms)
				RefreshPlugins (29ms)
				BeforeProcessingInitializeOnLoad (11ms)
				ProcessInitializeOnLoadAttributes (63ms)
				ProcessInitializeOnLoadMethodAttributes (21ms)
				AfterProcessingInitializeOnLoad (0ms)
				EditorAssembliesLoaded (0ms)
			ExecutionOrderSort2 (0ms)
			AwakeInstancesAfterBackupRestoration (0ms)
Platform modules already initialized, skipping
Registering precompiled user dll's ...
Registered in 0.002572 seconds.
Begin MonoManager ReloadAssembly
Native extension for WindowsStandalone target not found
Native extension for OSXStandalone target not found
Native extension for WebGL target not found
Refreshing native plugins compatible for Editor in 0.39 ms, found 2 plugins.
Preloading 0 native plugins for Editor in 0.00 ms.
Mono: successfully reloaded assembly
- Completed reload, in  0.788 seconds
Domain Reload Profiling:
	ReloadAssembly (788ms)
		BeginReloadAssembly (100ms)
			ExecutionOrderSort (0ms)
			DisableScriptedObjects (3ms)
			BackupInstance (0ms)
			ReleaseScriptingObjects (0ms)
			CreateAndSetChildDomain (15ms)
		EndReloadAssembly (644ms)
			LoadAssemblies (66ms)
			RebuildTransferFunctionScriptingTraits (0ms)
			SetupTypeCache (220ms)
			ReleaseScriptCaches (0ms)
			RebuildScriptCaches (33ms)
			SetupLoadedEditorAssemblies (264ms)
				LogAssemblyErrors (0ms)
				InitializePlatformSupportModulesInManaged (5ms)
				SetLoadedEditorAssemblies (0ms)
				RefreshPlugins (0ms)
				BeforeProcessingInitializeOnLoad (56ms)
				ProcessInitializeOnLoadAttributes (195ms)
				ProcessInitializeOnLoadMethodAttributes (6ms)
				AfterProcessingInitializeOnLoad (1ms)
				EditorAssembliesLoaded (0ms)
			ExecutionOrderSort2 (0ms)
			AwakeInstancesAfterBackupRestoration (5ms)
Platform modules already initialized, skipping
========================================================================
Worker process is ready to serve import requests
Launched and connected shader compiler UnityShaderCompiler.exe after 0.04 seconds
Refreshing native plugins compatible for Editor in 0.43 ms, found 2 plugins.
Preloading 0 native plugins for Editor in 0.00 ms.
Unloading 1992 Unused Serialized files (Serialized files now loaded: 0)
System memory in use before: 84.1 MB.
System memory in use after: 84.2 MB.

Unloading 22 unused Assets to reduce memory usage. Loaded Objects now: 2425.
Total: 2.529500 ms (FindLiveObjects: 0.117000 ms CreateObjectMapping: 0.034000 ms MarkObjects: 2.314800 ms  DeleteObjects: 0.062500 ms)

AssetImportParameters requested are different than current active one (requested -> active):
  custom:framework-win-MediaFoundation: 216162199b28c13a410421893ffa2e32 -> 
  custom:video-decoder-ogg-theora: a1e56fd34408186e4bbccfd4996cb3dc -> 
  custom:container-muxer-webm: aa71ff27fc2769a1b78a27578f13a17b -> 
  custom:container-demuxer-webm: 4f35f7cbe854078d1ac9338744f61a02 -> 
  custom:container-demuxer-ogg: 62fdf1f143b41e24485cea50d1cbac27 -> 
  custom:video-encoder-webm-vp8: eb34c28f22e8b96e1ab97ce403110664 -> 
  custom:video-codec-MediaFoundation-h265: 746d11721c4dcdbdad8f713fa42b33f4 -> 
  custom:video-decoder-webm-vp8: 9c59270c3fd7afecdb556c50c9e8de78 -> 
  custom:audio-decoder-ogg-vorbis: bf7c407c2cedff20999df2af8eb42d56 -> 
  custom:audio-encoder-webm-vorbis: bf7c407c2cedff20999df2af8eb42d56 -> 
========================================================================
Received Import Request.
  path: Assets/Scripts/Week2
  artifactKey: Guid(1326bcf775a7d0d42b0bb1c1dc4c18b3) Importer(815301076,1909f56bfc062723c751e8b465ee728b)
Start importing Assets/Scripts/Week2 using Guid(1326bcf775a7d0d42b0bb1c1dc4c18b3) Importer(815301076,1909f56bfc062723c751e8b465ee728b)  -> (artifact id: '1470ba4dbe13faabd19fc65ea686a372') in 0.008528 seconds 
  Import took 0.011428 seconds .

========================================================================
Received Import Request.
  Time since last request: 3.778620 seconds.
  path: Assets/Scripts/Week12
  artifactKey: Guid(1326bcf775a7d0d42b0bb1c1dc4c18b3) Importer(815301076,1909f56bfc062723c751e8b465ee728b)
Start importing Assets/Scripts/Week12 using Guid(1326bcf775a7d0d42b0bb1c1dc4c18b3) Importer(815301076,1909f56bfc062723c751e8b465ee728b)  -> (artifact id: 'f0c25733b728ee51de81cc574077787e') in 0.006420 seconds 
  Import took 0.009121 seconds .

========================================================================
Received Import Request.
  Time since last request: 296.758997 seconds.
  path: Assets/Scripts_Data/ImageExample
  artifactKey: Guid(c394267a268e70940a391e69c62252d2) Importer(815301076,1909f56bfc062723c751e8b465ee728b)
Start importing Assets/Scripts_Data/ImageExample using Guid(c394267a268e70940a391e69c62252d2) Importer(815301076,1909f56bfc062723c751e8b465ee728b)  -> (artifact id: 'c1db37dabe11e5590880e253f7220fad') in 0.005854 seconds 
  Import took 0.009488 seconds .

========================================================================
Received Import Request.
  Time since last request: 1.720427 seconds.
  path: Assets/Scripts_Data/ImageExample/IMG2Sprites.cs
  artifactKey: Guid(df816efc0a7479947871233fb26f3e9a) Importer(815301076,1909f56bfc062723c751e8b465ee728b)
Start importing Assets/Scripts_Data/ImageExample/IMG2Sprites.cs using Guid(df816efc0a7479947871233fb26f3e9a) Importer(815301076,1909f56bfc062723c751e8b465ee728b)  -> (artifact id: '15bf20919ebc1f08fd595fc80e1d59dc') in 0.019367 seconds 
  Import took 0.022167 seconds .

========================================================================
Received Import Request.
  Time since last request: 24.762188 seconds.
  path: Assets/Plugins/Excel
  artifactKey: Guid(904044f3ef28e6543bfe1b4e798e551d) Importer(815301076,1909f56bfc062723c751e8b465ee728b)
Start importing Assets/Plugins/Excel using Guid(904044f3ef28e6543bfe1b4e798e551d) Importer(815301076,1909f56bfc062723c751e8b465ee728b)  -> (artifact id: 'd104251b7d9c751b0ba0f5027f4e97fd') in 0.002220 seconds 
  Import took 0.004889 seconds .

========================================================================
Received Import Request.
  Time since last request: 0.743855 seconds.
  path: Assets/Plugins/Excel/Demo.unity
  artifactKey: Guid(c009eb973cc724c409ddd42224918aad) Importer(815301076,1909f56bfc062723c751e8b465ee728b)
Start importing Assets/Plugins/Excel/Demo.unity using Guid(c009eb973cc724c409ddd42224918aad) Importer(815301076,1909f56bfc062723c751e8b465ee728b)  -> (artifact id: 'f0fbe1a6f7cceab7d97b095c6ced8660') in 0.012670 seconds 
  Import took 0.015502 seconds .

========================================================================
Received Import Request.
  Time since last request: 0.320278 seconds.
  path: Assets/Plugins/Excel/Editor
  artifactKey: Guid(c75413ed622395e4fab00cacd36b0023) Importer(815301076,1909f56bfc062723c751e8b465ee728b)
Start importing Assets/Plugins/Excel/Editor using Guid(c75413ed622395e4fab00cacd36b0023) Importer(815301076,1909f56bfc062723c751e8b465ee728b)  -> (artifact id: '2bb8d534e6c0a1387960f6c93c16ee1b') in 0.006630 seconds 
  Import took 0.009737 seconds .

========================================================================
Received Import Request.
  Time since last request: 2.763612 seconds.
  path: Assets/Plugins/Excel/DLL
  artifactKey: Guid(70076529eab892040bdb8b3f046d52f4) Importer(815301076,1909f56bfc062723c751e8b465ee728b)
Start importing Assets/Plugins/Excel/DLL using Guid(70076529eab892040bdb8b3f046d52f4) Importer(815301076,1909f56bfc062723c751e8b465ee728b)  -> (artifact id: '31fa9ecebd51186c6e11a815ed191dac') in 0.001765 seconds 
  Import took 0.004507 seconds .

========================================================================
Received Import Request.
  Time since last request: 0.794821 seconds.
  path: Assets/Plugins/Excel/DLL/Excel.dll
  artifactKey: Guid(0be978a4eb99f814ba07c86c1a85c97a) Importer(815301076,1909f56bfc062723c751e8b465ee728b)
Start importing Assets/Plugins/Excel/DLL/Excel.dll using Guid(0be978a4eb99f814ba07c86c1a85c97a) Importer(815301076,1909f56bfc062723c751e8b465ee728b)  -> (artifact id: '0a9adb460f196d06e2314d24cca4c43d') in 0.003854 seconds 
  Import took 0.006470 seconds .

========================================================================
Received Import Request.
  Time since last request: 8.637623 seconds.
  path: Assets/Plugins/Excel/ExcelDataBase.cs
  artifactKey: Guid(54077acb021d35b46b9c54ce3ae0c0ee) Importer(815301076,1909f56bfc062723c751e8b465ee728b)
Start importing Assets/Plugins/Excel/ExcelDataBase.cs using Guid(54077acb021d35b46b9c54ce3ae0c0ee) Importer(815301076,1909f56bfc062723c751e8b465ee728b)  -> (artifact id: '9247616aedfca06a0c1d4cd014af1a0c') in 0.004988 seconds 
  Import took 0.008141 seconds .

========================================================================
Received Import Request.
  Time since last request: 2.052157 seconds.
  path: Assets/Plugins/Excel/Editor/ExcelCodeCreator.cs
  artifactKey: Guid(cae54a185fb0476408f012bcc47b2234) Importer(815301076,1909f56bfc062723c751e8b465ee728b)
Start importing Assets/Plugins/Excel/Editor/ExcelCodeCreator.cs using Guid(cae54a185fb0476408f012bcc47b2234) Importer(815301076,1909f56bfc062723c751e8b465ee728b)  -> (artifact id: 'af8681380df6f51026ad9570a4806ecd') in 0.004333 seconds 
  Import took 0.006872 seconds .

========================================================================
Received Import Request.
  Time since last request: 0.607163 seconds.
  path: Assets/Plugins/Excel/Editor/ExcelDataReader.cs
  artifactKey: Guid(6a34f408a7f00754e9f9f87d997770d2) Importer(815301076,1909f56bfc062723c751e8b465ee728b)
Start importing Assets/Plugins/Excel/Editor/ExcelDataReader.cs using Guid(6a34f408a7f00754e9f9f87d997770d2) Importer(815301076,1909f56bfc062723c751e8b465ee728b)  -> (artifact id: '5fdc693998f2221692a3cef6b6200415') in 0.004902 seconds 
  Import took 0.007548 seconds .

========================================================================
Received Import Request.
  Time since last request: 400.079112 seconds.
  path: Assets/Scripts_Data/ExcelExample
  artifactKey: Guid(d05ff0b3a908a0b4db3c3a8abaeedcac) Importer(815301076,1909f56bfc062723c751e8b465ee728b)
Start importing Assets/Scripts_Data/ExcelExample using Guid(d05ff0b3a908a0b4db3c3a8abaeedcac) Importer(815301076,1909f56bfc062723c751e8b465ee728b)  -> (artifact id: 'fb5b561a89845f95bcf3007b887f1f00') in 0.001541 seconds 
  Import took 0.005035 seconds .

========================================================================
Received Import Request.
  Time since last request: 62.409318 seconds.
  path: Assets/Scenes/Week11.unity
  artifactKey: Guid(396ddf5801ec4684d8c3c6a7b28ac41b) Importer(815301076,1909f56bfc062723c751e8b465ee728b)
Start importing Assets/Scenes/Week11.unity using Guid(396ddf5801ec4684d8c3c6a7b28ac41b) Importer(815301076,1909f56bfc062723c751e8b465ee728b)  -> (artifact id: '3d8d131e25d4db7990e1035c152b37e2') in 0.006476 seconds 
  Import took 0.009409 seconds .

========================================================================
Received Import Request.
  Time since last request: 1.003136 seconds.
  path: Assets/Scenes/Week12.unity
  artifactKey: Guid(7e952f9a887e1204e81d30e0276eea37) Importer(815301076,1909f56bfc062723c751e8b465ee728b)
Start importing Assets/Scenes/Week12.unity using Guid(7e952f9a887e1204e81d30e0276eea37) Importer(815301076,1909f56bfc062723c751e8b465ee728b)  -> (artifact id: 'ebd451ce3ce50ada5d006b40903849d2') in 0.005723 seconds 
  Import took 0.008375 seconds .

========================================================================
Received Import Request.
  Time since last request: 21.305264 seconds.
  path: Assets/Scripts_Data/ExcelExample/ExcelManagerExample.cs
  artifactKey: Guid(4ca961be7600fa3499f225759239514d) Importer(815301076,1909f56bfc062723c751e8b465ee728b)
Start importing Assets/Scripts_Data/ExcelExample/ExcelManagerExample.cs using Guid(4ca961be7600fa3499f225759239514d) Importer(815301076,1909f56bfc062723c751e8b465ee728b)  -> (artifact id: 'e79bc7a91a46d222fa6209e3fa03a4e2') in 0.001726 seconds 
  Import took 0.004824 seconds .

========================================================================
Received Import Request.
  Time since last request: 0.304696 seconds.
  path: Assets/Scripts_Data/ExcelExample/ItemScriptableObjectExample.cs
  artifactKey: Guid(24fde43de739c4b44936757e0636cd9c) Importer(815301076,1909f56bfc062723c751e8b465ee728b)
Start importing Assets/Scripts_Data/ExcelExample/ItemScriptableObjectExample.cs using Guid(24fde43de739c4b44936757e0636cd9c) Importer(815301076,1909f56bfc062723c751e8b465ee728b)  -> (artifact id: '3ecfc873c53982268a9adc1cd5a44893') in 0.007550 seconds 
  Import took 0.010293 seconds .

========================================================================
Received Import Request.
  Time since last request: 161.043828 seconds.
  path: Assets/Scripts_Data/JSONExample
  artifactKey: Guid(2e4d805b42705414bbd24ea896828604) Importer(815301076,1909f56bfc062723c751e8b465ee728b)
Start importing Assets/Scripts_Data/JSONExample using Guid(2e4d805b42705414bbd24ea896828604) Importer(815301076,1909f56bfc062723c751e8b465ee728b)  -> (artifact id: '4138ebe885807265605ebd36003ba21d') in 0.005202 seconds 
  Import took 0.008849 seconds .

========================================================================
Received Import Request.
  Time since last request: 109.746848 seconds.
  path: Assets/Scripts_Data/ExcelExample/TextDisplayer.cs
  artifactKey: Guid(158ab90eb905afb4cade3fbb480dcce1) Importer(815301076,1909f56bfc062723c751e8b465ee728b)
Start importing Assets/Scripts_Data/ExcelExample/TextDisplayer.cs using Guid(158ab90eb905afb4cade3fbb480dcce1) Importer(815301076,1909f56bfc062723c751e8b465ee728b)  -> (artifact id: 'a55d8b8cb5c65837bb1623432a2c6595') in 0.005787 seconds 
  Import took 0.008514 seconds .

AssetImportWorkerClient::OnTransportError - code=2 error=End of file
